<?xml version="1.0" encoding="UTF-8"?>
<testsuite name="cDiscount.testing.RechercheProduit" time="9.793" tests="2" errors="0" skipped="0" failures="1">
  <properties>
[...]
</properties>
  <testcase name="Rechercher le produit iphone X - Fail" classname="Rechercher un produit" time="5.091">
    <failure message="expected:&lt;[iphone X]&gt; but was:&lt;[APPLE iPhone X 64Go Argent]&gt;" type="org.junit.ComparisonFailure"><![CDATA[org.junit.ComparisonFailure: expected:<[iphone X]> but was:<[APPLE iPhone X 64Go Argent]>
	at org.junit.Assert.assertEquals(Assert.java:115)
	at org.junit.Assert.assertEquals(Assert.java:144)
	at cDiscount.testing.steps.serenity.RechercheStep.verifieLienVersProduit(RechercheStep.java:25)
	at cDiscount.testing.steps.serenity.RechercheStep$$EnhancerByCGLIB$$390f3753.CGLIB$verifieLienVersProduit$2(<generated>)
	at cDiscount.testing.steps.serenity.RechercheStep$$EnhancerByCGLIB$$390f3753$$FastClassByCGLIB$$4f58fff7.invoke(<generated>)
	at net.sf.cglib.proxy.MethodProxy.invokeSuper(MethodProxy.java:228)
	at net.thucydides.core.steps.StepInterceptor.invokeMethod(StepInterceptor.java:426)
	at net.thucydides.core.steps.StepInterceptor.executeTestStepMethod(StepInterceptor.java:411)
	at net.thucydides.core.steps.StepInterceptor.runTestStep(StepInterceptor.java:386)
	at net.thucydides.core.steps.StepInterceptor.testStepResult(StepInterceptor.java:134)
	at net.thucydides.core.steps.StepInterceptor.intercept(StepInterceptor.java:63)
	at cDiscount.testing.steps.serenity.RechercheStep$$EnhancerByCGLIB$$390f3753.verifieLienVersProduit(<generated>)
	at cDiscount.testing.steps.RechercheProduitStepDefinitions.le_texte_est_affiché(RechercheProduitStepDefinitions.java:19)
	at ✽.le texte "iphone X" est affiché(src/test/resources/features/gestionRecherche/rechercheProduit.feature:11)
]]></failure>
    <system-out><![CDATA[
2 Scenarios (&amp#27;[32m2 passed&amp#27;[0m)
6 Steps (&amp#27;[32m6 passed&amp#27;[0m)
0m8,945s

XXX Created runtime cucumber.runtime.RuntimeOptions@6778aea6
]]></system-out>
    <system-err><![CDATA[9288 [main] INFO net.serenitybdd.core.Serenity - 
        __    _____ _____ ____ _____   ____   _    ____  ____  _____ ____  
  _     \ \  |_   _| ____/ ___|_   _| |  _ \ / \  / ___|/ ___|| ____|  _ \ 
 (_)_____| |   | | |  _| \___ \ | |   | |_) / _ \ \___ \\___ \|  _| | | | |
  _|_____| |   | | | |___ ___) || |   |  __/ ___ \ ___) |___) | |___| |_| |
 (_)     | |   |_| |_____|____/ |_|   |_| /_/   \_\____/|____/|_____|____/ 
        /_/                                                                

TEST PASSED: S'identifier - Fail
----------------------------------------------------------------------------
10024 [main] INFO net.serenitybdd.core.Serenity - Test Suite Started: Rechercher un produit
10025 [main] INFO net.serenitybdd.core.Serenity - 
 _____ _____ ____ _____   ____ _____  _    ____ _____ _____ ____  
|_   _| ____/ ___|_   _| / ___|_   _|/ \  |  _ \_   _| ____|  _ \ 
  | | |  _| \___ \ | |   \___ \ | | / _ \ | |_) || | |  _| | | | |
  | | | |___ ___) || |    ___) || |/ ___ \|  _ < | | | |___| |_| |
  |_| |_____|____/ |_|   |____/ |_/_/   \_\_| \_\|_| |_____|____/ 
                                                                  

TEST STARTED: Rechercher le produit iphone X - Fail
-------------------------------------------------------------------(rechercher-un-produit;rechercher-le-produit-iphone-x---fail)
déc. 18, 2017 2:56:58 PM org.openqa.selenium.remote.ProtocolHandshake createSession
INFOS: Detected dialect: OSS
15064 [main] ERROR net.serenitybdd.core.Serenity - 
           __  _____ _____ ____ _____   _____ _    ___ _     _____ ____  
  _       / / |_   _| ____/ ___|_   _| |  ___/ \  |_ _| |   | ____|  _ \ 
 (_)_____| |    | | |  _| \___ \ | |   | |_ / _ \  | || |   |  _| | | | |
  _|_____| |    | | | |___ ___) || |   |  _/ ___ \ | || |___| |___| |_| |
 (_)     | |    |_| |_____|____/ |_|   |_|/_/   \_\___|_____|_____|____/ 
          \_\                                                            

TEST FAILED: Rechercher le produit iphone X - Fail
--------------------------------------------------------------------------
15111 [main] ERROR net.serenitybdd.core.Serenity - TEST FAILED AT STEP Verifie lien vers produit: iphone X
15111 [main] ERROR net.serenitybdd.core.Serenity - expected:<[iphone X]> but was:<[APPLE iPhone X 64Go Argent]>
]]></system-err>
  </testcase>
  <testcase name="Rechercher le produit iphone X - Success" classname="Rechercher un produit" time="4.702"/>
</testsuite>